<?xml version="1.0" encoding="UTF-8"?>
<!-- Generated by org.testng.reporters.JUnitXMLReporter -->
<testsuite hostname="DESKTOP-FNF69NB" name="Test" tests="2" failures="2" timestamp="15 Feb 2018 19:40:24 GMT" time="92.801" errors="0">
  <testcase name="feature" time="57.686" classname="runners.PositiveTest">
    <failure type="cucumber.runtime.CucumberException" message="java.lang.AssertionError: expected [Bmw 1 Series Cars Under 1000 for Sale | CarsGuide] but found [Bmw 1 Series Cars Under $1000 for Sale | CarsGuide]">
      <![CDATA[cucumber.runtime.CucumberException: java.lang.AssertionError: expected [Bmw 1 Series Cars Under 1000 for Sale | CarsGuide] but found [Bmw 1 Series Cars Under $1000 for Sale | CarsGuide]
	at cucumber.api.testng.TestNGCucumberRunner.runCucumber(TestNGCucumberRunner.java:69)
	at cucumber.api.testng.AbstractTestNGCucumberTests.feature(AbstractTestNGCucumberTests.java:21)
Caused by: java.lang.AssertionError: expected [Bmw 1 Series Cars Under 1000 for Sale | CarsGuide] but found [Bmw 1 Series Cars Under $1000 for Sale | CarsGuide]
	at steps.SearchCarsSteps.the_page_title_should_be(SearchCarsSteps.java:90)
	at ✽.And the page title should be "Bmw 1 Series Cars Under $1000 for Sale | CarsGuide"(SearchCars.feature:20)
... Removed 33 stack frames]]>
    </failure>
  </testcase> <!-- feature -->
  <testcase name="feature" time="34.161" classname="runners.PositiveTest">
    <failure type="cucumber.runtime.CucumberException" message="java.lang.AssertionError: expected [Used Audi A4 Cars Under 1000 for Sale SA | CarsGuide] but found [Used Audi A4 Cars Under $1000 for Sale SA | CarsGuide]">
      <![CDATA[cucumber.runtime.CucumberException: java.lang.AssertionError: expected [Used Audi A4 Cars Under 1000 for Sale SA | CarsGuide] but found [Used Audi A4 Cars Under $1000 for Sale SA | CarsGuide]
	at cucumber.api.testng.TestNGCucumberRunner.runCucumber(TestNGCucumberRunner.java:69)
	at cucumber.api.testng.AbstractTestNGCucumberTests.feature(AbstractTestNGCucumberTests.java:21)
Caused by: java.lang.AssertionError: expected [Used Audi A4 Cars Under 1000 for Sale SA | CarsGuide] but found [Used Audi A4 Cars Under $1000 for Sale SA | CarsGuide]
	at steps.UsedCarSearchSteps.the_page_title_should_match_expected_title(UsedCarSearchSteps.java:79)
	at ✽.And the page title should match expected title  "Used Audi A4 Cars Under $1000 for Sale SA | CarsGuide"(UsedCarSaleSearch.feature:26)
... Removed 33 stack frames]]>
    </failure>
  </testcase> <!-- feature -->
</testsuite> <!-- Test -->
